#
# A fatal error has been detected by the Java Runtime Environment:
#
#  SIGSEGV (0xb) at pc=0xb4d47d58, pid=3349, tid=2689756016
#
# JRE version: 7.0_02-b13
# Java VM: Java HotSpot(TM) Client VM (22.0-b10 mixed mode linux-x86 )
# Problematic frame:
# v  ~BufferBlob::jni_fast_GetLongField
#
# Failed to write core dump. Core dumps have been disabled. To enable core dumping, try "ulimit -c unlimited" before starting Java again
#
# If you would like to submit a bug report, please visit:
#   http://bugreport.sun.com/bugreport/crash.jsp
# The crash happened outside the Java Virtual Machine in native code.
# See problematic frame for where to report the bug.
#

---------------  T H R E A D  ---------------

Current thread (0x0a1eb400):  JavaThread "AWT-XAWT" daemon [_thread_in_native, id=3363, stack(0xa04d6000,0xa0527000)]

siginfo:si_signo=SIGSEGV: si_errno=0, si_code=1 (SEGV_MAPERR), si_addr=0x00000000

Registers:
EAX=0x00000000, EBX=0xa074a740, ECX=0x00000010, EDX=0x00000000
ESP=0xa0525c78, EBP=0xa0525cb8, ESI=0x00000042, EDI=0x0a1eb520
EIP=0xb4d47d58, EFLAGS=0x00210246, CR2=0x00000000

Top of Stack: (sp=0xa0525c78)
0xa0525c78:   0a30b568 a071d4bd 0a1eb520 00000000
0xa0525c88:   00000042 0a15bed8 0a176668 0a1eb520
0xa0525c98:   a0525cb8 00000000 b72f0184 00010002
0xa0525ca8:   b78b5626 a06fe3e8 0a30b568 0a1d8b58
0xa0525cb8:   a0525cf8 a06421bb 0a30b568 00000000
0xa0525cc8:   00000000 a05e4000 a05ec53c a06fe3e8
0xa0525cd8:   0a1d8b38 00000000 a0525d18 b78bb210
0xa0525ce8:   a064215b a06fe3e8 0a1d8b38 00a00003 

Instructions: (pc=0xb4d47d58)
0xb4d47d38:   00 00 00 00 00 00 00 00 56 8b 0d 48 44 30 b7 f6
0xb4d47d48:   c1 01 0f 85 22 00 00 00 8b 54 24 0c 8b 74 24 10
0xb4d47d58:   8b 12 c1 ee 02 8b 04 32 8b 54 32 04 3b 0d 48 44
0xb4d47d68:   30 b7 0f 85 02 00 00 00 5e c3 5e e9 88 19 33 02 

Register to memory mapping:

EAX=0x00000000 is an unknown value
EBX=0xa074a740: <offset 0x49740> in /usr/lib/jvm/jdk1.7.0_02/jre/lib/i386/xawt/libmawt.so at 0xa0701000
ECX=0x00000010 is an unknown value
EDX=0x00000000 is an unknown value
ESP=0xa0525c78 is pointing into the stack for thread: 0x0a1eb400
EBP=0xa0525cb8 is pointing into the stack for thread: 0x0a1eb400
ESI=0x00000042 is an unknown value
EDI=0x0a1eb520 is an unknown value


Stack: [0xa04d6000,0xa0527000],  sp=0xa0525c78,  free space=319k
Native frames: (J=compiled Java code, j=interpreted, Vv=VM code, C=native code)
v  ~BufferBlob::jni_fast_GetLongField
C  [libX11.so.6+0x5e1bb]  _XimServerDestroy+0x6b
C  [libX11.so.6+0x67004]  _XimUnregisterFilter+0xf4
C  [libX11.so.6+0x1cf78]  XFilterEvent+0xd8
C  [libmawt.so+0x11084]  Java_sun_awt_X11_XlibWrapper_XFilterEvent+0x24
j  sun.awt.X11.XlibWrapper.XFilterEvent(JJ)Z+0
j  sun.awt.X11.XToolkit.run(Z)V+297
j  sun.awt.X11.XToolkit.run()V+5
j  java.lang.Thread.run()V+11
v  ~StubRoutines::call_stub
V  [libjvm.so+0x261715]  JavaCalls::call_helper(JavaValue*, methodHandle*, JavaCallArguments*, Thread*)+0x315
V  [libjvm.so+0x37b799]  os::os_exception_wrapper(void (*)(JavaValue*, methodHandle*, JavaCallArguments*, Thread*), JavaValue*, methodHandle*, JavaCallArguments*, Thread*)+0x19
V  [libjvm.so+0x26052f]  JavaCalls::call(JavaValue*, methodHandle, JavaCallArguments*, Thread*)+0x2f
V  [libjvm.so+0x2618c2]  JavaCalls::call_virtual(JavaValue*, Handle, KlassHandle, Symbol*, Symbol*, Thread*)+0x122
V  [libjvm.so+0x2a53e9]  thread_entry(JavaThread*, Thread*)+0xd9
V  [libjvm.so+0x433938]  JavaThread::run()+0x178
V  [libjvm.so+0x382351]  java_start(Thread*)+0x111
C  [libpthread.so.0+0x5955]  start_thread+0xb5

Java frames: (J=compiled Java code, j=interpreted, Vv=VM code)
j  sun.awt.X11.XlibWrapper.XFilterEvent(JJ)Z+0
j  sun.awt.X11.XToolkit.run(Z)V+297
j  sun.awt.X11.XToolkit.run()V+5
j  java.lang.Thread.run()V+11
v  ~StubRoutines::call_stub

---------------  P R O C E S S  ---------------

Java Threads: ( => current thread )
  0x0a318000 JavaThread "TimerQueue" daemon [_thread_blocked, id=3366, stack(0xa0176000,0xa01c7000)]
  0x09fb6800 JavaThread "DestroyJavaVM" [_thread_blocked, id=3354, stack(0xb6d90000,0xb6de1000)]
  0x0a2ab800 JavaThread "AWT-EventQueue-0" [_thread_in_native, id=3365, stack(0xa0357000,0xa03a8000)]
  0x0a2aa800 JavaThread "AWT-Shutdown" [_thread_blocked, id=3364, stack(0xa03a8000,0xa03f9000)]
=>0x0a1eb400 JavaThread "AWT-XAWT" daemon [_thread_in_native, id=3363, stack(0xa04d6000,0xa0527000)]
  0x0a1bbc00 JavaThread "Java2D Disposer" daemon [_thread_blocked, id=3362, stack(0xa0541000,0xa0592000)]
  0x0a070800 JavaThread "Service Thread" daemon [_thread_blocked, id=3360, stack(0xa0a27000,0xa0a78000)]
  0x0a06e800 JavaThread "C1 CompilerThread0" daemon [_thread_blocked, id=3359, stack(0xa087f000,0xa0900000)]
  0x0a06cc00 JavaThread "Signal Dispatcher" daemon [_thread_blocked, id=3358, stack(0xa0a78000,0xa0ac9000)]
  0x0a030000 JavaThread "Finalizer" daemon [_thread_blocked, id=3357, stack(0xa0c3e000,0xa0c8f000)]
  0x0a02e400 JavaThread "Reference Handler" daemon [_thread_blocked, id=3356, stack(0xa0c8f000,0xa0ce0000)]

Other Threads:
  0x0a028800 VMThread [stack: 0xa0ce0000,0xa0d61000] [id=3355]
  0x0a07b800 WatcherThread [stack: 0xa07fe000,0xa087f000] [id=3361]

VM state:not at safepoint (normal execution)

VM Mutex/Monitor currently owned by a thread: None

Heap
 def new generation   total 4800K, used 3426K [0xa1080000, 0xa15b0000, 0xa6480000)
  eden space 4288K,  79% used [0xa1080000, 0xa13d8a10, 0xa14b0000)
  from space 512K,   0% used [0xa14b0000, 0xa14b0000, 0xa1530000)
  to   space 512K,   0% used [0xa1530000, 0xa1530000, 0xa15b0000)
 tenured generation   total 10752K, used 0K [0xa6480000, 0xa6f00000, 0xb0c80000)
   the space 10752K,   0% used [0xa6480000, 0xa6480000, 0xa6480200, 0xa6f00000)
 compacting perm gen  total 12288K, used 7049K [0xb0c80000, 0xb1880000, 0xb4c80000)
   the space 12288K,  57% used [0xb0c80000, 0xb1362490, 0xb1362600, 0xb1880000)
No shared spaces configured.

Code Cache  [0xb4d01000, 0xb4dd1000, 0xb6d01000)
 total_blobs=410 nmethods=158 adapters=188 free_code_cache=31942Kb largest_free_block=32709312

Dynamic libraries:
08048000-08049000 r-xp 00000000 08:06 1711963    /usr/lib/jvm/jdk1.7.0_02/bin/java
08049000-0804a000 rw-p 00000000 08:06 1711963    /usr/lib/jvm/jdk1.7.0_02/bin/java
09fb1000-0a32b000 rw-p 00000000 00:00 0          [heap]
a0125000-a0128000 ---p 00000000 00:00 0 
a0128000-a0176000 rw-p 00000000 00:00 0 
a0176000-a0179000 ---p 00000000 00:00 0 
a0179000-a01c7000 rw-p 00000000 00:00 0 
a01c7000-a025a000 rw-s 00000000 00:04 10944552   /SYSV00000000 (deleted)
a025a000-a0273000 r--s 00000000 08:06 660747     /usr/share/fonts/type1/gsfonts/n022004l.pfb
a0273000-a0284000 r--s 00000000 08:06 660707     /usr/share/fonts/type1/gsfonts/n019024l.pfb
a0284000-a0296000 r--s 00000000 08:06 660743     /usr/share/fonts/type1/gsfonts/n019004l.pfb
a0296000-a02ac000 r--s 00000000 08:06 660721     /usr/share/fonts/type1/gsfonts/n022024l.pfb
a02ac000-a02c2000 r--s 00000000 08:06 660779     /usr/share/fonts/type1/gsfonts/n022023l.pfb
a02c2000-a02d6000 r--s 00000000 08:06 660757     /usr/share/fonts/type1/gsfonts/n019003l.pfb
a02d6000-a02ef000 r--s 00000000 08:06 660717     /usr/share/fonts/type1/gsfonts/n021004l.pfb
a02ef000-a0307000 r--s 00000000 08:06 660749     /usr/share/fonts/type1/gsfonts/n022003l.pfb
a0307000-a0320000 r--s 00000000 08:06 660733     /usr/share/fonts/type1/gsfonts/n021003l.pfb
a0320000-a032a000 r--s 00000000 08:06 663118     /usr/share/fonts/type1/mathml/Symbol.pfb
a032a000-a0341000 r--s 00000000 08:06 660752     /usr/share/fonts/type1/gsfonts/n021023l.pfb
a0341000-a0357000 r--s 00000000 08:06 660710     /usr/share/fonts/type1/gsfonts/n021024l.pfb
a0357000-a035a000 ---p 00000000 00:00 0 
a035a000-a03a8000 rw-p 00000000 00:00 0 
a03a8000-a03ab000 ---p 00000000 00:00 0 
a03ab000-a03f9000 rw-p 00000000 00:00 0 
a03f9000-a0458000 r-xp 00000000 08:06 2362362    /usr/lib/jvm/jdk1.7.0_02/jre/lib/i386/libt2k.so
a0458000-a045c000 rw-p 0005f000 08:06 2362362    /usr/lib/jvm/jdk1.7.0_02/jre/lib/i386/libt2k.so
a045c000-a0460000 rw-p 00000000 00:00 0 
a0460000-a046e000 r-xp 00000000 08:06 2362371    /usr/lib/jvm/jdk1.7.0_02/jre/lib/i386/libnio.so
a046e000-a046f000 rw-p 0000e000 08:06 2362371    /usr/lib/jvm/jdk1.7.0_02/jre/lib/i386/libnio.so
a046f000-a048c000 r-xp 00000000 08:06 1179651    /lib/libgcc_s.so.1
a048c000-a048d000 rw-p 0001c000 08:06 1179651    /lib/libgcc_s.so.1
a048d000-a04cf000 r-xp 00000000 08:06 2362378    /usr/lib/jvm/jdk1.7.0_02/jre/lib/i386/libfontmanager.so
a04cf000-a04d2000 rw-p 00041000 08:06 2362378    /usr/lib/jvm/jdk1.7.0_02/jre/lib/i386/libfontmanager.so
a04d2000-a04d6000 rw-p 00000000 00:00 0 
a04d6000-a04d9000 ---p 00000000 00:00 0 
a04d9000-a0527000 rw-p 00000000 00:00 0 
a0527000-a052b000 r-xp 00000000 08:06 532079     /usr/lib/libXfixes.so.3.1.0
a052b000-a052c000 rw-p 00003000 08:06 532079     /usr/lib/libXfixes.so.3.1.0
a052c000-a0540000 r-xp 00000000 08:06 2362366    /usr/lib/jvm/jdk1.7.0_02/jre/lib/i386/libnet.so
a0540000-a0541000 rw-p 00014000 08:06 2362366    /usr/lib/jvm/jdk1.7.0_02/jre/lib/i386/libnet.so
a0541000-a0544000 ---p 00000000 00:00 0 
a0544000-a0592000 rw-p 00000000 00:00 0 
a0592000-a05b0000 r--p 00000000 08:06 530705     /usr/share/locale/es/LC_MESSAGES/libc.mo
a05b0000-a05b4000 r-xp 00000000 08:06 531577     /usr/lib/libXdmcp.so.6.0.0
a05b4000-a05b5000 rw-p 00003000 08:06 531577     /usr/lib/libXdmcp.so.6.0.0
a05b5000-a05cd000 r-xp 00000000 08:06 531579     /usr/lib/libxcb.so.1.1.0
a05cd000-a05ce000 rw-p 00017000 08:06 531579     /usr/lib/libxcb.so.1.1.0
a05ce000-a05da000 r-xp 00000000 08:06 532087     /usr/lib/libXi.so.6.1.0
a05da000-a05db000 rw-p 0000c000 08:06 532087     /usr/lib/libXi.so.6.1.0
a05db000-a05e3000 r-xp 00000000 08:06 531589     /usr/lib/libXrender.so.1.3.0
a05e3000-a05e4000 rw-p 00007000 08:06 531589     /usr/lib/libXrender.so.1.3.0
a05e4000-a06fd000 r-xp 00000000 08:06 531583     /usr/lib/libX11.so.6.3.0
a06fd000-a0701000 rw-p 00118000 08:06 531583     /usr/lib/libX11.so.6.3.0
a0701000-a074a000 r-xp 00000000 08:06 2362335    /usr/lib/jvm/jdk1.7.0_02/jre/lib/i386/xawt/libmawt.so
a074a000-a074c000 rw-p 00048000 08:06 2362335    /usr/lib/jvm/jdk1.7.0_02/jre/lib/i386/xawt/libmawt.so
a074c000-a074d000 rw-p 00000000 00:00 0 
a074d000-a07d3000 r-xp 00000000 08:06 2362333    /usr/lib/jvm/jdk1.7.0_02/jre/lib/i386/libawt.so
a07d3000-a07da000 rw-p 00086000 08:06 2362333    /usr/lib/jvm/jdk1.7.0_02/jre/lib/i386/libawt.so
a07da000-a07fe000 rw-p 00000000 00:00 0 
a07fe000-a07ff000 ---p 00000000 00:00 0 
a07ff000-a087f000 rw-p 00000000 00:00 0 
a087f000-a0882000 ---p 00000000 00:00 0 
a0882000-a0900000 rw-p 00000000 00:00 0 
a0900000-a0921000 rw-p 00000000 00:00 0 
a0921000-a0a00000 ---p 00000000 00:00 0 
a0a00000-a0a02000 r-xp 00000000 08:06 531575     /usr/lib/libXau.so.6.0.0
a0a02000-a0a03000 rw-p 00001000 08:06 531575     /usr/lib/libXau.so.6.0.0
a0a03000-a0a11000 r-xp 00000000 08:06 532077     /usr/lib/libXext.so.6.4.0
a0a11000-a0a12000 rw-p 0000d000 08:06 532077     /usr/lib/libXext.so.6.4.0
a0a14000-a0a1c000 r-xp 00000000 08:06 532083     /usr/lib/libXcursor.so.1.0.2
a0a1c000-a0a1d000 rw-p 00007000 08:06 532083     /usr/lib/libXcursor.so.1.0.2
a0a1d000-a0a1e000 r-xp 00000000 08:06 525458     /usr/lib/gconv/ISO8859-1.so
a0a1e000-a0a1f000 r--p 00001000 08:06 525458     /usr/lib/gconv/ISO8859-1.so
a0a1f000-a0a20000 rw-p 00002000 08:06 525458     /usr/lib/gconv/ISO8859-1.so
a0a20000-a0a27000 r--s 00000000 08:06 525533     /usr/lib/gconv/gconv-modules.cache
a0a27000-a0a2a000 ---p 00000000 00:00 0 
a0a2a000-a0a78000 rw-p 00000000 00:00 0 
a0a78000-a0a7b000 ---p 00000000 00:00 0 
a0a7b000-a0ac9000 rw-p 00000000 00:00 0 
a0ac9000-a0c3e000 r--p 00000000 08:06 656808     /usr/lib/locale/locale-archive
a0c3e000-a0c41000 ---p 00000000 00:00 0 
a0c41000-a0c8f000 rw-p 00000000 00:00 0 
a0c8f000-a0c92000 ---p 00000000 00:00 0 
a0c92000-a0ce0000 rw-p 00000000 00:00 0 
a0ce0000-a0ce1000 ---p 00000000 00:00 0 
a0ce1000-a0dac000 rw-p 00000000 00:00 0 
a0dac000-a0f6b000 r--s 039ff000 08:06 2105750    /usr/lib/jvm/jdk1.7.0_02/jre/lib/rt.jar
a0f6b000-a0f72000 rw-p 00000000 00:00 0 
a0f72000-a0f8c000 rw-p 00000000 00:00 0 
a0f8c000-a0f92000 rw-p 00000000 00:00 0 
a0f92000-a0fe1000 rw-p 00000000 00:00 0 
a0fe1000-a0fe4000 rw-p 00000000 00:00 0 
a0fe4000-a100b000 rw-p 00000000 00:00 0 
a100b000-a1011000 rw-p 00000000 00:00 0 
a1011000-a105f000 rw-p 00000000 00:00 0 
a105f000-a1065000 rw-p 00000000 00:00 0 
a1065000-a107f000 rw-p 00000000 00:00 0 
a107f000-a15b0000 rw-p 00000000 00:00 0 
a15b0000-a6480000 rw-p 00000000 00:00 0 
a6480000-a6f00000 rw-p 00000000 00:00 0 
a6f00000-b0c80000 rw-p 00000000 00:00 0 
b0c80000-b1880000 rw-p 00000000 00:00 0 
b1880000-b4c80000 rw-p 00000000 00:00 0 
b4c81000-b4c85000 rw-p 00000000 00:00 0 
b4c85000-b4d01000 rw-p 00000000 00:00 0 
b4d01000-b4dd1000 rwxp 00000000 00:00 0 
b4dd1000-b6d01000 rw-p 00000000 00:00 0 
b6d01000-b6d18000 r-xp 00000000 08:06 2362383    /usr/lib/jvm/jdk1.7.0_02/jre/lib/i386/libzip.so
b6d18000-b6d19000 rw-p 00017000 08:06 2362383    /usr/lib/jvm/jdk1.7.0_02/jre/lib/i386/libzip.so
b6d19000-b6d23000 r-xp 00000000 08:06 1183277    /lib/i686/cmov/libnss_files-2.11.2.so
b6d23000-b6d24000 r--p 00009000 08:06 1183277    /lib/i686/cmov/libnss_files-2.11.2.so
b6d24000-b6d25000 rw-p 0000a000 08:06 1183277    /lib/i686/cmov/libnss_files-2.11.2.so
b6d25000-b6d2d000 r-xp 00000000 08:06 1183266    /lib/i686/cmov/libnss_nis-2.11.2.so
b6d2d000-b6d2e000 r--p 00008000 08:06 1183266    /lib/i686/cmov/libnss_nis-2.11.2.so
b6d2e000-b6d2f000 rw-p 00009000 08:06 1183266    /lib/i686/cmov/libnss_nis-2.11.2.so
b6d2f000-b6d42000 r-xp 00000000 08:06 1183278    /lib/i686/cmov/libnsl-2.11.2.so
b6d42000-b6d43000 r--p 00012000 08:06 1183278    /lib/i686/cmov/libnsl-2.11.2.so
b6d43000-b6d44000 rw-p 00013000 08:06 1183278    /lib/i686/cmov/libnsl-2.11.2.so
b6d44000-b6d46000 rw-p 00000000 00:00 0 
b6d46000-b6d4c000 r-xp 00000000 08:06 1183262    /lib/i686/cmov/libnss_compat-2.11.2.so
b6d4c000-b6d4d000 r--p 00006000 08:06 1183262    /lib/i686/cmov/libnss_compat-2.11.2.so
b6d4d000-b6d4e000 rw-p 00007000 08:06 1183262    /lib/i686/cmov/libnss_compat-2.11.2.so
b6d50000-b6d5b000 r--s 00370000 08:06 2105790    /usr/lib/jvm/jdk1.7.0_02/jre/lib/charsets.jar
b6d5b000-b6d63000 rw-s 00000000 08:06 2491607    /tmp/hsperfdata_tefa/3349
b6d63000-b6d86000 r-xp 00000000 08:06 2362353    /usr/lib/jvm/jdk1.7.0_02/jre/lib/i386/libjava.so
b6d86000-b6d87000 rw-p 00023000 08:06 2362353    /usr/lib/jvm/jdk1.7.0_02/jre/lib/i386/libjava.so
b6d87000-b6d8e000 r-xp 00000000 08:06 1183269    /lib/i686/cmov/librt-2.11.2.so
b6d8e000-b6d8f000 r--p 00006000 08:06 1183269    /lib/i686/cmov/librt-2.11.2.so
b6d8f000-b6d90000 rw-p 00007000 08:06 1183269    /lib/i686/cmov/librt-2.11.2.so
b6d90000-b6d93000 ---p 00000000 00:00 0 
b6d93000-b6de1000 rw-p 00000000 00:00 0 
b6de1000-b6e05000 r-xp 00000000 08:06 1183263    /lib/i686/cmov/libm-2.11.2.so
b6e05000-b6e06000 r--p 00023000 08:06 1183263    /lib/i686/cmov/libm-2.11.2.so
b6e06000-b6e07000 rw-p 00024000 08:06 1183263    /lib/i686/cmov/libm-2.11.2.so
b6e07000-b72df000 r-xp 00000000 08:06 2362348    /usr/lib/jvm/jdk1.7.0_02/jre/lib/i386/client/libjvm.so
b72df000-b72fa000 rw-p 004d8000 08:06 2362348    /usr/lib/jvm/jdk1.7.0_02/jre/lib/i386/client/libjvm.so
b72fa000-b7718000 rw-p 00000000 00:00 0 
b7718000-b7858000 r-xp 00000000 08:06 1183279    /lib/i686/cmov/libc-2.11.2.so
b7858000-b785a000 r--p 0013f000 08:06 1183279    /lib/i686/cmov/libc-2.11.2.so
b785a000-b785b000 rw-p 00141000 08:06 1183279    /lib/i686/cmov/libc-2.11.2.so
b785b000-b785e000 rw-p 00000000 00:00 0 
b785e000-b7860000 r-xp 00000000 08:06 1183271    /lib/i686/cmov/libdl-2.11.2.so
b7860000-b7861000 r--p 00001000 08:06 1183271    /lib/i686/cmov/libdl-2.11.2.so
b7861000-b7862000 rw-p 00002000 08:06 1183271    /lib/i686/cmov/libdl-2.11.2.so
b7862000-b7863000 rw-p 00000000 00:00 0 
b7863000-b7876000 r-xp 00000000 08:06 2362355    /usr/lib/jvm/jdk1.7.0_02/jre/lib/i386/jli/libjli.so
b7876000-b7877000 rw-p 00012000 08:06 2362355    /usr/lib/jvm/jdk1.7.0_02/jre/lib/i386/jli/libjli.so
b7877000-b788c000 r-xp 00000000 08:06 1183268    /lib/i686/cmov/libpthread-2.11.2.so
b788c000-b788d000 r--p 00014000 08:06 1183268    /lib/i686/cmov/libpthread-2.11.2.so
b788d000-b788e000 rw-p 00015000 08:06 1183268    /lib/i686/cmov/libpthread-2.11.2.so
b788e000-b7890000 rw-p 00000000 00:00 0 
b7891000-b7895000 r-xp 00000000 08:06 534755     /usr/lib/libXtst.so.6.1.0
b7895000-b7896000 rw-p 00004000 08:06 534755     /usr/lib/libXtst.so.6.1.0
b7896000-b7897000 rw-p 00000000 00:00 0 
b7897000-b7898000 r--p 00000000 00:00 0 
b7898000-b78a4000 r-xp 00000000 08:06 2362336    /usr/lib/jvm/jdk1.7.0_02/jre/lib/i386/libverify.so
b78a4000-b78a5000 rw-p 0000c000 08:06 2362336    /usr/lib/jvm/jdk1.7.0_02/jre/lib/i386/libverify.so
b78a5000-b78a7000 rw-p 00000000 00:00 0 
b78a7000-b78a8000 r-xp 00000000 00:00 0          [vdso]
b78a8000-b78c3000 r-xp 00000000 08:06 1179673    /lib/ld-2.11.2.so
b78c3000-b78c4000 r--p 0001a000 08:06 1179673    /lib/ld-2.11.2.so
b78c4000-b78c5000 rw-p 0001b000 08:06 1179673    /lib/ld-2.11.2.so
bfc07000-bfc1c000 rw-p 00000000 00:00 0          [stack]

VM Arguments:
jvm_args: -Dfile.encoding=UTF-8 
java_command: servidorlocal.Entrada
Launcher Type: SUN_STANDARD

Environment Variables:
PATH=/home/tefa/android-sdk-linux_x86/tools:/home/tefa/android-sdk-linux_x86/platform-tools:/usr/local/bin:/usr/bin:/bin:/usr/local/games:/usr/games
USERNAME=tefa
SHELL=/bin/bash
DISPLAY=:0.0

Signal Handlers:
SIGSEGV: [libjvm.so+0x461fb0], sa_mask[0]=0x7ffbfeff, sa_flags=0x10000004
SIGBUS: [libjvm.so+0x461fb0], sa_mask[0]=0x7ffbfeff, sa_flags=0x10000004
SIGFPE: [libjvm.so+0x37d3e0], sa_mask[0]=0x7ffbfeff, sa_flags=0x10000004
SIGPIPE: [libjvm.so+0x37d3e0], sa_mask[0]=0x7ffbfeff, sa_flags=0x10000004
SIGXFSZ: [libjvm.so+0x37d3e0], sa_mask[0]=0x7ffbfeff, sa_flags=0x10000004
SIGILL: [libjvm.so+0x37d3e0], sa_mask[0]=0x7ffbfeff, sa_flags=0x10000004
SIGUSR1: SIG_DFL, sa_mask[0]=0x00000000, sa_flags=0x00000000
SIGUSR2: [libjvm.so+0x37cce0], sa_mask[0]=0x00000004, sa_flags=0x10000004
SIGHUP: [libjvm.so+0x37f2b0], sa_mask[0]=0x7ffbfeff, sa_flags=0x10000004
SIGINT: SIG_IGN, sa_mask[0]=0x00000000, sa_flags=0x00000000
SIGTERM: [libjvm.so+0x37f2b0], sa_mask[0]=0x7ffbfeff, sa_flags=0x10000004
SIGQUIT: [libjvm.so+0x37f2b0], sa_mask[0]=0x7ffbfeff, sa_flags=0x10000004


---------------  S Y S T E M  ---------------

OS:6.0.1

uname:Linux 2.6.32-5-686 #1 SMP Wed May 18 07:08:50 UTC 2011 i686
libc:glibc 2.11.2 NPTL 2.11.2 
rlimit: STACK 8192k, CORE 0k, NPROC infinity, NOFILE 1024, AS infinity
load average:5,13 2,92 1,61

/proc/meminfo:
MemTotal:        1025156 kB
MemFree:          738292 kB
Buffers:           17520 kB
Cached:           159884 kB
SwapCached:            0 kB
Active:           118976 kB
Inactive:         142712 kB
Active(anon):      53856 kB
Inactive(anon):    50616 kB
Active(file):      65120 kB
Inactive(file):    92096 kB
Unevictable:           0 kB
Mlocked:               0 kB
HighTotal:        133960 kB
HighFree:          30952 kB
LowTotal:         891196 kB
LowFree:          707340 kB
SwapTotal:             0 kB
SwapFree:              0 kB
Dirty:               464 kB
Writeback:             4 kB
AnonPages:         84332 kB
Mapped:            12892 kB
Shmem:             20124 kB
Slab:              14116 kB
SReclaimable:       7092 kB
SUnreclaim:         7024 kB
KernelStack:        1536 kB
PageTables:         1040 kB
NFS_Unstable:          0 kB
Bounce:                0 kB
WritebackTmp:          0 kB
CommitLimit:      512576 kB
Committed_AS:     371696 kB
VmallocTotal:     122880 kB
VmallocUsed:       15760 kB
VmallocChunk:      94812 kB
HardwareCorrupted:     0 kB
HugePages_Total:       0
HugePages_Free:        0
HugePages_Rsvd:        0
HugePages_Surp:        0
Hugepagesize:       4096 kB
DirectMap4k:       16376 kB
DirectMap4M:      888832 kB


CPU:total 1 (1 cores per cpu, 1 threads per core) family 6 model 22 stepping 1, cmov, cx8, fxsr, mmx, sse, sse2, sse3, ssse3

/proc/cpuinfo:
processor	: 0
vendor_id	: GenuineIntel
cpu family	: 6
model		: 22
model name	: Intel(R) Celeron(R) CPU          550  @ 2.00GHz
stepping	: 1
cpu MHz		: 1995.331
cache size	: 1024 KB
fdiv_bug	: no
hlt_bug		: no
f00f_bug	: no
coma_bug	: no
fpu		: yes
fpu_exception	: yes
cpuid level	: 10
wp		: yes
flags		: fpu vme de pse tsc msr pae mce cx8 apic sep mtrr pge mca cmov pat pse36 clflush dts acpi mmx fxsr sse sse2 ss tm pbe nx lm constant_tsc up arch_perfmon pebs bts aperfmperf pni dtes64 monitor ds_cpl tm2 ssse3 cx16 xtpr pdcm lahf_lm
bogomips	: 3990.66
clflush size	: 64
cache_alignment	: 64
address sizes	: 36 bits physical, 48 bits virtual
power management:



Memory: 4k page, physical 1025156k(738292k free), swap 0k(0k free)

vm_info: Java HotSpot(TM) Client VM (22.0-b10) for linux-x86 JRE (1.7.0_02-b13), built on Nov 17 2011 13:26:27 by "java_re" with gcc 4.3.0 20080428 (Red Hat 4.3.0-8)

time: Sat Jun 30 22:24:04 2012
elapsed time: 477 seconds

